# JRE version: OpenJDK Runtime Environment (8.0_152-b02) (build 1.8.0_152-release-1024-b02)
# Java VM: OpenJDK 64-Bit Server VM (25.152-b02 mixed mode windows-amd64 compressed oops)
Heap:
 PSYoungGen      total 57856K, used 24951K [0x00000000e0000000, 0x00000000e4e80000, 0x0000000100000000)
  eden space 54272K, 39% used [0x00000000e0000000,0x00000000e14f3660,0x00000000e3500000)
  from space 3584K, 97% used [0x00000000e4b00000,0x00000000e4e6a600,0x00000000e4e80000)
  to   space 10240K, 0% used [0x00000000e3a80000,0x00000000e3a80000,0x00000000e4480000)
 ParOldGen       total 56832K, used 7978K [0x00000000a0000000, 0x00000000a3780000, 0x00000000e0000000)
  object space 56832K, 14% used [0x00000000a0000000,0x00000000a07caa20,0x00000000a3780000)
 Metaspace       used 25322K, capacity 25846K, committed 25984K, reserved 1071104K
  class space    used 3523K, capacity 3692K, committed 3712K, reserved 1048576K
GC Heap History (10 events):
Event: 24.453 GC heap before
{Heap before GC invocations=3 (full 0):
 PSYoungGen      total 38400K, used 38399K [0x00000000e0000000, 0x00000000e2a80000, 0x0000000100000000)
  eden space 33280K, 100% used [0x00000000e0000000,0x00000000e2080000,0x00000000e2080000)
  from space 5120K, 99% used [0x00000000e2580000,0x00000000e2a7fd58,0x00000000e2a80000)
  to   space 5120K, 0% used [0x00000000e2080000,0x00000000e2080000,0x00000000e2580000)
 ParOldGen       total 87552K, used 511K [0x00000000a0000000, 0x00000000a5580000, 0x00000000e0000000)
  object space 87552K, 0% used [0x00000000a0000000,0x00000000a007ff90,0x00000000a5580000)
 Metaspace       used 14503K, capacity 14854K, committed 14976K, reserved 1062912K
  class space    used 2019K, capacity 2155K, committed 2176K, reserved 1048576K
Event: 24.487 GC heap after
Heap after GC invocations=3 (full 0):
 PSYoungGen      total 38400K, used 5089K [0x00000000e0000000, 0x00000000e2a80000, 0x0000000100000000)
  eden space 33280K, 0% used [0x00000000e0000000,0x00000000e0000000,0x00000000e2080000)
  from space 5120K, 99% used [0x00000000e2080000,0x00000000e2578420,0x00000000e2580000)
  to   space 5120K, 0% used [0x00000000e2580000,0x00000000e2580000,0x00000000e2a80000)
 ParOldGen       total 87552K, used 2518K [0x00000000a0000000, 0x00000000a5580000, 0x00000000e0000000)
  object space 87552K, 2% used [0x00000000a0000000,0x00000000a0275b48,0x00000000a5580000)
 Metaspace       used 14503K, capacity 14854K, committed 14976K, reserved 1062912K
  class space    used 2019K, capacity 2155K, committed 2176K, reserved 1048576K
}
Event: 28.067 GC heap before
{Heap before GC invocations=4 (full 0):
 PSYoungGen      total 38400K, used 38369K [0x00000000e0000000, 0x00000000e2a80000, 0x0000000100000000)
  eden space 33280K, 100% used [0x00000000e0000000,0x00000000e2080000,0x00000000e2080000)
  from space 5120K, 99% used [0x00000000e2080000,0x00000000e2578420,0x00000000e2580000)
  to   space 5120K, 0% used [0x00000000e2580000,0x00000000e2580000,0x00000000e2a80000)
 ParOldGen       total 87552K, used 2518K [0x00000000a0000000, 0x00000000a5580000, 0x00000000e0000000)
  object space 87552K, 2% used [0x00000000a0000000,0x00000000a0275b48,0x00000000a5580000)
 Metaspace       used 17811K, capacity 18202K, committed 18304K, reserved 1064960K
  class space    used 2560K, capacity 2685K, committed 2688K, reserved 1048576K
Event: 28.083 GC heap after
Heap after GC invocations=4 (full 0):
 PSYoungGen      total 38400K, used 5088K [0x00000000e0000000, 0x00000000e2a80000, 0x0000000100000000)
  eden space 33280K, 0% used [0x00000000e0000000,0x00000000e0000000,0x00000000e2080000)
  from space 5120K, 99% used [0x00000000e2580000,0x00000000e2a78060,0x00000000e2a80000)
  to   space 5120K, 0% used [0x00000000e2080000,0x00000000e2080000,0x00000000e2580000)
 ParOldGen       total 87552K, used 6002K [0x00000000a0000000, 0x00000000a5580000, 0x00000000e0000000)
  object space 87552K, 6% used [0x00000000a0000000,0x00000000a05dc9b0,0x00000000a5580000)
 Metaspace       used 17811K, capacity 18202K, committed 18304K, reserved 1064960K
  class space    used 2560K, capacity 2685K, committed 2688K, reserved 1048576K
}
Event: 29.287 GC heap before
{Heap before GC invocations=5 (full 0):
 PSYoungGen      total 38400K, used 17529K [0x00000000e0000000, 0x00000000e2a80000, 0x0000000100000000)
  eden space 33280K, 37% used [0x00000000e0000000,0x00000000e0c266e0,0x00000000e2080000)
  from space 5120K, 99% used [0x00000000e2580000,0x00000000e2a78060,0x00000000e2a80000)
  to   space 5120K, 0% used [0x00000000e2080000,0x00000000e2080000,0x00000000e2580000)
 ParOldGen       total 87552K, used 6002K [0x00000000a0000000, 0x00000000a5580000, 0x00000000e0000000)
  object space 87552K, 6% used [0x00000000a0000000,0x00000000a05dc9b0,0x00000000a5580000)
 Metaspace       used 20829K, capacity 21216K, committed 21248K, reserved 1067008K
  class space    used 2911K, capacity 3071K, committed 3072K, reserved 1048576K
Event: 29.312 GC heap after
Heap after GC invocations=5 (full 0):
 PSYoungGen      total 38400K, used 5088K [0x00000000e0000000, 0x00000000e5500000, 0x0000000100000000)
  eden space 33280K, 0% used [0x00000000e0000000,0x00000000e0000000,0x00000000e2080000)
  from space 5120K, 99% used [0x00000000e2080000,0x00000000e2578050,0x00000000e2580000)
  to   space 10240K, 0% used [0x00000000e4b00000,0x00000000e4b00000,0x00000000e5500000)
 ParOldGen       total 87552K, used 8340K [0x00000000a0000000, 0x00000000a5580000, 0x00000000e0000000)
  object space 87552K, 9% used [0x00000000a0000000,0x00000000a0825318,0x00000000a5580000)
 Metaspace       used 20829K, capacity 21216K, committed 21248K, reserved 1067008K
  class space    used 2911K, capacity 3071K, committed 3072K, reserved 1048576K
}
Event: 29.313 GC heap before
{Heap before GC invocations=6 (full 1):
 PSYoungGen      total 38400K, used 5088K [0x00000000e0000000, 0x00000000e5500000, 0x0000000100000000)
  eden space 33280K, 0% used [0x00000000e0000000,0x00000000e0000000,0x00000000e2080000)
  from space 5120K, 99% used [0x00000000e2080000,0x00000000e2578050,0x00000000e2580000)
  to   space 10240K, 0% used [0x00000000e4b00000,0x00000000e4b00000,0x00000000e5500000)
 ParOldGen       total 87552K, used 8340K [0x00000000a0000000, 0x00000000a5580000, 0x00000000e0000000)
  object space 87552K, 9% used [0x00000000a0000000,0x00000000a0825318,0x00000000a5580000)
 Metaspace       used 20829K, capacity 21216K, committed 21248K, reserved 1067008K
  class space    used 2911K, capacity 3071K, committed 3072K, reserved 1048576K
Event: 29.465 GC heap after
Heap after GC invocations=6 (full 1):
 PSYoungGen      total 38400K, used 0K [0x00000000e0000000, 0x00000000e5500000, 0x0000000100000000)
  eden space 33280K, 0% used [0x00000000e0000000,0x00000000e0000000,0x00000000e2080000)
  from space 5120K, 0% used [0x00000000e2080000,0x00000000e2080000,0x00000000e2580000)
  to   space 10240K, 0% used [0x00000000e4b00000,0x00000000e4b00000,0x00000000e5500000)
 ParOldGen       total 56832K, used 7970K [0x00000000a0000000, 0x00000000a3780000, 0x00000000e0000000)
  object space 56832K, 14% used [0x00000000a0000000,0x00000000a07c8a20,0x00000000a3780000)
 Metaspace       used 20829K, capacity 21216K, committed 21248K, reserved 1067008K
  class space    used 2911K, capacity 3071K, committed 3072K, reserved 1048576K
}
Event: 31.670 GC heap before
{Heap before GC invocations=7 (full 1):
 PSYoungGen      total 38400K, used 33280K [0x00000000e0000000, 0x00000000e5500000, 0x0000000100000000)
  eden space 33280K, 100% used [0x00000000e0000000,0x00000000e2080000,0x00000000e2080000)
  from space 5120K, 0% used [0x00000000e2080000,0x00000000e2080000,0x00000000e2580000)
  to   space 10240K, 0% used [0x00000000e4b00000,0x00000000e4b00000,0x00000000e5500000)
 ParOldGen       total 56832K, used 7970K [0x00000000a0000000, 0x00000000a3780000, 0x00000000e0000000)
  object space 56832K, 14% used [0x00000000a0000000,0x00000000a07c8a20,0x00000000a3780000)
 Metaspace       used 23775K, capacity 24280K, committed 24448K, reserved 1071104K
  class space    used 3276K, capacity 3431K, committed 3456K, reserved 1048576K
Event: 31.679 GC heap after
Heap after GC invocations=7 (full 1):
 PSYoungGen      total 57856K, used 3497K [0x00000000e0000000, 0x00000000e4e80000, 0x0000000100000000)
  eden space 54272K, 0% used [0x00000000e0000000,0x00000000e0000000,0x00000000e3500000)
  from space 3584K, 97% used [0x00000000e4b00000,0x00000000e4e6a600,0x00000000e4e80000)
  to   space 10240K, 0% used [0x00000000e3a80000,0x00000000e3a80000,0x00000000e4480000)
 ParOldGen       total 56832K, used 7978K [0x00000000a0000000, 0x00000000a3780000, 0x00000000e0000000)
  object space 56832K, 14% used [0x00000000a0000000,0x00000000a07caa20,0x00000000a3780000)
 Metaspace       used 23775K, capacity 24280K, committed 24448K, reserved 1071104K
  class space    used 3276K, capacity 3431K, committed 3456K, reserved 1048576K
}

