# JRE version: OpenJDK Runtime Environment (8.0_152-b02) (build 1.8.0_152-release-1024-b02)
# Java VM: OpenJDK 64-Bit Server VM (25.152-b02 mixed mode windows-amd64 compressed oops)
Heap:
 PSYoungGen      total 137728K, used 2275K [0x00000000e0000000, 0x00000000eb500000, 0x0000000100000000)
  eden space 123904K, 1% used [0x00000000e0000000,0x00000000e0238e48,0x00000000e7900000)
  from space 13824K, 0% used [0x00000000e7900000,0x00000000e7900000,0x00000000e8680000)
  to   space 13312K, 0% used [0x00000000ea800000,0x00000000ea800000,0x00000000eb500000)
 ParOldGen       total 102400K, used 46001K [0x00000000a0000000, 0x00000000a6400000, 0x00000000e0000000)
  object space 102400K, 44% used [0x00000000a0000000,0x00000000a2cec5e8,0x00000000a6400000)
 Metaspace       used 56937K, capacity 59060K, committed 59284K, reserved 1099776K
  class space    used 7800K, capacity 8369K, committed 8408K, reserved 1048576K
GC Heap History (10 events):
Event: 55.419 GC heap before
{Heap before GC invocations=18 (full 2):
 PSYoungGen      total 79872K, used 73376K [0x00000000e0000000, 0x00000000e7400000, 0x0000000100000000)
  eden space 70144K, 100% used [0x00000000e0000000,0x00000000e4480000,0x00000000e4480000)
  from space 9728K, 33% used [0x00000000e4480000,0x00000000e47a83b8,0x00000000e4e00000)
  to   space 9216K, 0% used [0x00000000e6b00000,0x00000000e6b00000,0x00000000e7400000)
 ParOldGen       total 58880K, used 23760K [0x00000000a0000000, 0x00000000a3980000, 0x00000000e0000000)
  object space 58880K, 40% used [0x00000000a0000000,0x00000000a17341d8,0x00000000a3980000)
 Metaspace       used 47486K, capacity 48588K, committed 48856K, reserved 1091584K
  class space    used 6438K, capacity 6786K, committed 6872K, reserved 1048576K
Event: 55.424 GC heap after
Heap after GC invocations=18 (full 2):
 PSYoungGen      total 109568K, used 2976K [0x00000000e0000000, 0x00000000e7400000, 0x0000000100000000)
  eden space 100352K, 0% used [0x00000000e0000000,0x00000000e0000000,0x00000000e6200000)
  from space 9216K, 32% used [0x00000000e6b00000,0x00000000e6de8000,0x00000000e7400000)
  to   space 9216K, 0% used [0x00000000e6200000,0x00000000e6200000,0x00000000e6b00000)
 ParOldGen       total 58880K, used 24526K [0x00000000a0000000, 0x00000000a3980000, 0x00000000e0000000)
  object space 58880K, 41% used [0x00000000a0000000,0x00000000a17f3a40,0x00000000a3980000)
 Metaspace       used 47486K, capacity 48588K, committed 48856K, reserved 1091584K
  class space    used 6438K, capacity 6786K, committed 6872K, reserved 1048576K
}
Event: 58.825 GC heap before
{Heap before GC invocations=19 (full 2):
 PSYoungGen      total 109568K, used 103328K [0x00000000e0000000, 0x00000000e7400000, 0x0000000100000000)
  eden space 100352K, 100% used [0x00000000e0000000,0x00000000e6200000,0x00000000e6200000)
  from space 9216K, 32% used [0x00000000e6b00000,0x00000000e6de8000,0x00000000e7400000)
  to   space 9216K, 0% used [0x00000000e6200000,0x00000000e6200000,0x00000000e6b00000)
 ParOldGen       total 58880K, used 24526K [0x00000000a0000000, 0x00000000a3980000, 0x00000000e0000000)
  object space 58880K, 41% used [0x00000000a0000000,0x00000000a17f3a40,0x00000000a3980000)
 Metaspace       used 52672K, capacity 54428K, committed 54616K, reserved 1095680K
  class space    used 7240K, capacity 7684K, committed 7768K, reserved 1048576K
Event: 58.834 GC heap after
Heap after GC invocations=19 (full 2):
 PSYoungGen      total 109568K, used 8968K [0x00000000e0000000, 0x00000000e9080000, 0x0000000100000000)
  eden space 100352K, 0% used [0x00000000e0000000,0x00000000e0000000,0x00000000e6200000)
  from space 9216K, 97% used [0x00000000e6200000,0x00000000e6ac2210,0x00000000e6b00000)
  to   space 10240K, 0% used [0x00000000e8680000,0x00000000e8680000,0x00000000e9080000)
 ParOldGen       total 58880K, used 24654K [0x00000000a0000000, 0x00000000a3980000, 0x00000000e0000000)
  object space 58880K, 41% used [0x00000000a0000000,0x00000000a1813a40,0x00000000a3980000)
 Metaspace       used 52672K, capacity 54428K, committed 54616K, reserved 1095680K
  class space    used 7240K, capacity 7684K, committed 7768K, reserved 1048576K
}
Event: 59.774 GC heap before
{Heap before GC invocations=20 (full 2):
 PSYoungGen      total 109568K, used 109320K [0x00000000e0000000, 0x00000000e9080000, 0x0000000100000000)
  eden space 100352K, 100% used [0x00000000e0000000,0x00000000e6200000,0x00000000e6200000)
  from space 9216K, 97% used [0x00000000e6200000,0x00000000e6ac2210,0x00000000e6b00000)
  to   space 10240K, 0% used [0x00000000e8680000,0x00000000e8680000,0x00000000e9080000)
 ParOldGen       total 58880K, used 24654K [0x00000000a0000000, 0x00000000a3980000, 0x00000000e0000000)
  object space 58880K, 41% used [0x00000000a0000000,0x00000000a1813a40,0x00000000a3980000)
 Metaspace       used 54385K, capacity 56158K, committed 56408K, reserved 1097728K
  class space    used 7478K, capacity 7900K, committed 8024K, reserved 1048576K
Event: 59.805 GC heap after
Heap after GC invocations=20 (full 2):
 PSYoungGen      total 134144K, used 10208K [0x00000000e0000000, 0x00000000e9a80000, 0x0000000100000000)
  eden space 123904K, 0% used [0x00000000e0000000,0x00000000e0000000,0x00000000e7900000)
  from space 10240K, 99% used [0x00000000e8680000,0x00000000e9078020,0x00000000e9080000)
  to   space 13824K, 0% used [0x00000000e7900000,0x00000000e7900000,0x00000000e8680000)
 ParOldGen       total 58880K, used 30182K [0x00000000a0000000, 0x00000000a3980000, 0x00000000e0000000)
  object space 58880K, 51% used [0x00000000a0000000,0x00000000a1d79820,0x00000000a3980000)
 Metaspace       used 54385K, capacity 56158K, committed 56408K, reserved 1097728K
  class space    used 7478K, capacity 7900K, committed 8024K, reserved 1048576K
}
Event: 63.790 GC heap before
{Heap before GC invocations=21 (full 2):
 PSYoungGen      total 134144K, used 101543K [0x00000000e0000000, 0x00000000e9a80000, 0x0000000100000000)
  eden space 123904K, 73% used [0x00000000e0000000,0x00000000e5931eb8,0x00000000e7900000)
  from space 10240K, 99% used [0x00000000e8680000,0x00000000e9078020,0x00000000e9080000)
  to   space 13824K, 0% used [0x00000000e7900000,0x00000000e7900000,0x00000000e8680000)
 ParOldGen       total 58880K, used 30182K [0x00000000a0000000, 0x00000000a3980000, 0x00000000e0000000)
  object space 58880K, 51% used [0x00000000a0000000,0x00000000a1d79820,0x00000000a3980000)
 Metaspace       used 56906K, capacity 58984K, committed 59028K, reserved 1099776K
  class space    used 7795K, capacity 8367K, committed 8408K, reserved 1048576K
Event: 63.805 GC heap after
Heap after GC invocations=21 (full 2):
 PSYoungGen      total 137728K, used 7538K [0x00000000e0000000, 0x00000000eb500000, 0x0000000100000000)
  eden space 123904K, 0% used [0x00000000e0000000,0x00000000e0000000,0x00000000e7900000)
  from space 13824K, 54% used [0x00000000e7900000,0x00000000e805c8b0,0x00000000e8680000)
  to   space 13312K, 0% used [0x00000000ea800000,0x00000000ea800000,0x00000000eb500000)
 ParOldGen       total 58880K, used 40432K [0x00000000a0000000, 0x00000000a3980000, 0x00000000e0000000)
  object space 58880K, 68% used [0x00000000a0000000,0x00000000a277c0d0,0x00000000a3980000)
 Metaspace       used 56906K, capacity 58984K, committed 59028K, reserved 1099776K
  class space    used 7795K, capacity 8367K, committed 8408K, reserved 1048576K
}
Event: 63.805 GC heap before
{Heap before GC invocations=22 (full 3):
 PSYoungGen      total 137728K, used 7538K [0x00000000e0000000, 0x00000000eb500000, 0x0000000100000000)
  eden space 123904K, 0% used [0x00000000e0000000,0x00000000e0000000,0x00000000e7900000)
  from space 13824K, 54% used [0x00000000e7900000,0x00000000e805c8b0,0x00000000e8680000)
  to   space 13312K, 0% used [0x00000000ea800000,0x00000000ea800000,0x00000000eb500000)
 ParOldGen       total 58880K, used 40432K [0x00000000a0000000, 0x00000000a3980000, 0x00000000e0000000)
  object space 58880K, 68% used [0x00000000a0000000,0x00000000a277c0d0,0x00000000a3980000)
 Metaspace       used 56906K, capacity 58984K, committed 59028K, reserved 1099776K
  class space    used 7795K, capacity 8367K, committed 8408K, reserved 1048576K
Event: 64.229 GC heap after
Heap after GC invocations=22 (full 3):
 PSYoungGen      total 137728K, used 0K [0x00000000e0000000, 0x00000000eb500000, 0x0000000100000000)
  eden space 123904K, 0% used [0x00000000e0000000,0x00000000e0000000,0x00000000e7900000)
  from space 13824K, 0% used [0x00000000e7900000,0x00000000e7900000,0x00000000e8680000)
  to   space 13312K, 0% used [0x00000000ea800000,0x00000000ea800000,0x00000000eb500000)
 ParOldGen       total 102400K, used 46001K [0x00000000a0000000, 0x00000000a6400000, 0x00000000e0000000)
  object space 102400K, 44% used [0x00000000a0000000,0x00000000a2cec5e8,0x00000000a6400000)
 Metaspace       used 56906K, capacity 58984K, committed 59028K, reserved 1099776K
  class space    used 7795K, capacity 8367K, committed 8408K, reserved 1048576K
}

